5 -7 25.0
-1 -7 35.7143
5 -1 35.7143
-1 -1 35.7143
11 -7 39.2857
11 -1 35.7143
5 -13 35.7143
-1 -13 35.7143
11 -13 28.5714
-3 -7 35.7143
-3 -1 35.7143
-3 -13 35.7143
5 1 28.5714
-1 1 28.5714
11 1 28.5714
-3 1 28.5714
9 -7 39.2857
9 -1 35.7143
9 -13 32.1429
9 1 28.5714
5 -11 35.7143
-1 -11 35.7143
11 -11 28.5714
-3 -11 35.7143
9 -11 28.5714
3 -7 32.1429
3 -1 35.7143
3 -13 35.7143
3 1 28.5714
3 -11 35.7143
5 -5 32.1429
-1 -5 35.7143
11 -5 32.1429
-3 -5 35.7143
9 -5 32.1429
3 -5 35.7143
15 -7 39.2857
15 -1 35.7143
15 -13 32.1429
15 1 28.5714
15 -11 32.1429
15 -5 32.1429
5 -15 35.7143
-1 -15 35.7143
11 -15 32.1429
-3 -15 35.7143
9 -15 32.1429
3 -15 35.7143
15 -15 28.5714
-5 -7 35.7143
-5 -1 35.7143
-5 -13 35.7143
-5 1 28.5714
-5 -11 35.7143
-5 -5 35.7143
-5 -15 35.7143
5 3 32.1429
-1 3 28.5714
11 3 32.1429
-3 3 28.5714
9 3 32.1429
3 3 32.1429
15 3 32.1429
-5 3 28.5714
7 -7 32.1429
7 -1 35.7143
7 -13 32.1429
7 1 28.5714
7 -11 32.1429
7 -5 32.1429
7 -15 35.7143
7 3 32.1429
5 -9 32.1429
-1 -9 35.7143
11 -9 39.2857
-3 -9 35.7143
9 -9 32.1429
3 -9 35.7143
15 -9 39.2857
-5 -9 35.7143
7 -9 28.5714
1 -7 35.7143
1 -1 35.7143
1 -13 35.7143
1 1 28.5714
1 -11 35.7143
1 -5 35.7143
1 -15 35.7143
1 3 32.1429
1 -9 35.7143
5 -3 28.5714
-1 -3 35.7143
11 -3 28.5714
-3 -3 35.7143
9 -3 28.5714
3 -3 39.2857
15 -3 28.5714
-5 -3 35.7143
7 -3 28.5714
1 -3 35.7143
13 -7 39.2857
13 -1 35.7143
13 -13 28.5714
13 1 28.5714
13 -11 35.7143
13 -5 32.1429
13 -15 28.5714
13 3 32.1429
13 -9 39.2857
13 -3 28.5714
