5 -7 32.1429
-1 -7 32.1429
5 -1 42.8571
-1 -1 35.7143
11 -7 32.1429
11 -1 42.8571
5 -13 32.1429
-1 -13 32.1429
11 -13 35.7143
-3 -7 32.1429
-3 -1 35.7143
-3 -13 32.1429
5 1 46.4286
-1 1 32.1429
11 1 46.4286
-3 1 32.1429
9 -7 32.1429
9 -1 42.8571
9 -13 35.7143
9 1 46.4286
5 -11 32.1429
-1 -11 32.1429
11 -11 42.8571
-3 -11 32.1429
9 -11 35.7143
3 -7 28.5714
3 -1 42.8571
3 -13 32.1429
3 1 46.4286
3 -11 32.1429
5 -5 39.2857
-1 -5 35.7143
11 -5 39.2857
-3 -5 35.7143
9 -5 39.2857
3 -5 35.7143
15 -7 32.1429
15 -1 42.8571
15 -13 42.8571
15 1 46.4286
15 -11 42.8571
15 -5 39.2857
5 -15 32.1429
-1 -15 32.1429
11 -15 35.7143
-3 -15 32.1429
9 -15 32.1429
3 -15 32.1429
15 -15 50.0
-5 -7 32.1429
-5 -1 35.7143
-5 -13 32.1429
-5 1 32.1429
-5 -11 32.1429
-5 -5 35.7143
-5 -15 32.1429
5 3 39.2857
-1 3 32.1429
11 3 39.2857
-3 3 32.1429
9 3 39.2857
3 3 39.2857
15 3 39.2857
-5 3 32.1429
7 -7 35.7143
7 -1 42.8571
7 -13 32.1429
7 1 46.4286
7 -11 35.7143
7 -5 39.2857
7 -15 32.1429
7 3 39.2857
5 -9 35.7143
-1 -9 32.1429
11 -9 35.7143
-3 -9 32.1429
9 -9 39.2857
3 -9 32.1429
15 -9 35.7143
-5 -9 32.1429
7 -9 32.1429
1 -7 32.1429
1 -1 42.8571
1 -13 32.1429
1 1 46.4286
1 -11 32.1429
1 -5 35.7143
1 -15 32.1429
1 3 39.2857
1 -9 32.1429
5 -3 39.2857
-1 -3 28.5714
11 -3 39.2857
-3 -3 28.5714
9 -3 39.2857
3 -3 39.2857
15 -3 39.2857
-5 -3 28.5714
7 -3 39.2857
1 -3 32.1429
13 -7 32.1429
13 -1 42.8571
13 -13 50.0
13 1 46.4286
13 -11 42.8571
13 -5 39.2857
13 -15 35.7143
13 3 39.2857
13 -9 35.7143
13 -3 39.2857
