5 -7 91.6667
-1 -7 78.3333
5 -1 91.6667
-1 -1 91.6667
11 -7 91.6667
11 -1 85.0
5 -13 78.3333
-1 -13 78.3333
11 -13 91.6667
-3 -7 78.3333
-3 -1 91.6667
-3 -13 78.3333
5 1 85.0
-1 1 90.0
11 1 83.3333
-3 1 91.6667
9 -7 91.6667
9 -1 85.0
9 -13 91.6667
9 1 83.3333
5 -11 78.3333
-1 -11 78.3333
11 -11 91.6667
-3 -11 78.3333
9 -11 91.6667
3 -7 91.6667
3 -1 91.6667
3 -13 78.3333
3 1 90.0
3 -11 78.3333
5 -5 91.6667
-1 -5 78.3333
11 -5 86.6667
-3 -5 78.3333
9 -5 91.6667
3 -5 91.6667
15 -7 85.0
15 -1 85.0
15 -13 91.6667
15 1 83.3333
15 -11 91.6667
15 -5 85.0
5 -15 78.3333
-1 -15 78.3333
11 -15 91.6667
-3 -15 78.3333
9 -15 78.3333
3 -15 78.3333
15 -15 90.0
-5 -7 78.3333
-5 -1 91.6667
-5 -13 78.3333
-5 1 91.6667
-5 -11 78.3333
-5 -5 78.3333
-5 -15 78.3333
5 3 83.3333
-1 3 88.3333
11 3 83.3333
-3 3 88.3333
9 3 83.3333
3 3 85.0
15 3 83.3333
-5 3 88.3333
7 -7 91.6667
7 -1 86.6667
7 -13 78.3333
7 1 83.3333
7 -11 91.6667
7 -5 91.6667
7 -15 78.3333
7 3 83.3333
5 -9 91.6667
-1 -9 78.3333
11 -9 91.6667
-3 -9 78.3333
9 -9 91.6667
3 -9 78.3333
15 -9 86.6667
-5 -9 78.3333
7 -9 91.6667
1 -7 78.3333
1 -1 91.6667
1 -13 78.3333
1 1 90.0
1 -11 78.3333
1 -5 93.3333
1 -15 78.3333
1 3 88.3333
1 -9 78.3333
5 -3 93.3333
-1 -3 91.6667
11 -3 86.6667
-3 -3 91.6667
9 -3 88.3333
3 -3 93.3333
15 -3 86.6667
-5 -3 91.6667
7 -3 93.3333
1 -3 93.3333
13 -7 86.6667
13 -1 85.0
13 -13 90.0
13 1 83.3333
13 -11 91.6667
13 -5 85.0
13 -15 91.6667
13 3 83.3333
13 -9 91.6667
13 -3 86.6667
