5 -7 51.0417
-1 -7 45.3125
5 -1 68.2292
-1 -1 62.5
11 -7 66.1458
11 -1 65.625
5 -13 45.8333
-1 -13 45.8333
11 -13 52.0833
-3 -7 45.3125
-3 -1 61.4583
-3 -13 45.8333
5 1 65.625
-1 1 64.0625
11 1 65.625
-3 1 60.4167
9 -7 61.4583
9 -1 64.5833
9 -13 52.0833
9 1 66.1458
5 -11 45.8333
-1 -11 45.8333
11 -11 53.6458
-3 -11 45.8333
9 -11 51.5625
3 -7 52.0833
3 -1 65.625
3 -13 45.8333
3 1 65.1042
3 -11 45.8333
5 -5 59.375
-1 -5 49.4792
11 -5 67.7083
-3 -5 49.4792
9 -5 67.1875
3 -5 52.0833
15 -7 66.6667
15 -1 65.1042
15 -13 58.8542
15 1 65.625
15 -11 63.0208
15 -5 65.625
5 -15 45.8333
-1 -15 45.8333
11 -15 52.0833
-3 -15 45.8333
9 -15 45.8333
3 -15 45.8333
15 -15 55.2083
-5 -7 45.3125
-5 -1 57.8125
-5 -13 45.8333
-5 1 60.9375
-5 -11 45.8333
-5 -5 49.4792
-5 -15 45.8333
5 3 63.0208
-1 3 67.1875
11 3 64.5833
-3 3 62.5
9 3 64.5833
3 3 66.6667
15 3 64.5833
-5 3 60.4167
7 -7 51.0417
7 -1 66.1458
7 -13 45.8333
7 1 64.5833
7 -11 52.6042
7 -5 61.9792
7 -15 45.8333
7 3 64.5833
5 -9 52.0833
-1 -9 45.8333
11 -9 62.5
-3 -9 45.8333
9 -9 51.0417
3 -9 45.8333
15 -9 64.5833
-5 -9 45.8333
7 -9 51.5625
1 -7 45.8333
1 -1 65.625
1 -13 45.8333
1 1 66.1458
1 -11 45.8333
1 -5 51.5625
1 -15 45.8333
1 3 65.625
1 -9 45.8333
5 -3 65.1042
-1 -3 50.5208
11 -3 67.1875
-3 -3 51.0417
9 -3 68.2292
3 -3 65.625
15 -3 64.5833
-5 -3 51.5625
7 -3 68.75
1 -3 63.0208
13 -7 66.1458
13 -1 65.1042
13 -13 55.2083
13 1 65.625
13 -11 59.375
13 -5 67.7083
13 -15 52.0833
13 3 64.5833
13 -9 66.6667
13 -3 64.0625
