5 -7 91.6667
-1 -7 62.5
5 -1 91.6667
-1 -1 91.6667
11 -7 91.6667
11 -1 91.6667
5 -13 58.3333
-1 -13 58.3333
11 -13 91.6667
-3 -7 62.5
-3 -1 91.6667
-3 -13 58.3333
5 1 91.6667
-1 1 91.6667
11 1 91.6667
-3 1 91.6667
9 -7 91.6667
9 -1 91.6667
9 -13 81.25
9 1 91.6667
5 -11 77.0833
-1 -11 58.3333
11 -11 89.5833
-3 -11 58.3333
9 -11 91.6667
3 -7 83.3333
3 -1 91.6667
3 -13 58.3333
3 1 91.6667
3 -11 58.3333
5 -5 91.6667
-1 -5 85.4167
11 -5 91.6667
-3 -5 85.4167
9 -5 91.6667
3 -5 91.6667
15 -7 91.6667
15 -1 91.6667
15 -13 89.5833
15 1 91.6667
15 -11 91.6667
15 -5 91.6667
5 -15 58.3333
-1 -15 58.3333
11 -15 81.25
-3 -15 58.3333
9 -15 77.0833
3 -15 58.3333
15 -15 89.5833
-5 -7 62.5
-5 -1 91.6667
-5 -13 58.3333
-5 1 91.6667
-5 -11 58.3333
-5 -5 85.4167
-5 -15 58.3333
5 3 89.5833
-1 3 91.6667
11 3 89.5833
-3 3 91.6667
9 3 89.5833
3 3 89.5833
15 3 89.5833
-5 3 91.6667
7 -7 91.6667
7 -1 91.6667
7 -13 77.0833
7 1 91.6667
7 -11 81.25
7 -5 91.6667
7 -15 58.3333
7 3 89.5833
5 -9 83.3333
-1 -9 58.3333
11 -9 91.6667
-3 -9 58.3333
9 -9 89.5833
3 -9 77.0833
15 -9 91.6667
-5 -9 58.3333
7 -9 91.6667
1 -7 79.1667
1 -1 91.6667
1 -13 58.3333
1 1 91.6667
1 -11 58.3333
1 -5 85.4167
1 -15 58.3333
1 3 89.5833
1 -9 58.3333
5 -3 91.6667
-1 -3 91.6667
11 -3 91.6667
-3 -3 91.6667
9 -3 91.6667
3 -3 91.6667
15 -3 91.6667
-5 -3 91.6667
7 -3 91.6667
1 -3 91.6667
13 -7 91.6667
13 -1 91.6667
13 -13 89.5833
13 1 91.6667
13 -11 91.6667
13 -5 91.6667
13 -15 91.6667
13 3 89.5833
13 -9 91.6667
13 -3 91.6667
