5 -7 95.8333
-1 -7 95.8333
5 -1 93.75
-1 -1 93.75
11 -7 95.8333
11 -1 93.75
5 -13 95.8333
-1 -13 95.8333
11 -13 95.8333
-3 -7 95.8333
-3 -1 91.6667
-3 -13 95.8333
5 1 93.75
-1 1 93.75
11 1 93.75
-3 1 93.75
9 -7 95.8333
9 -1 93.75
9 -13 95.8333
9 1 93.75
5 -11 95.8333
-1 -11 95.8333
11 -11 95.8333
-3 -11 95.8333
9 -11 95.8333
3 -7 95.8333
3 -1 93.75
3 -13 95.8333
3 1 93.75
3 -11 95.8333
5 -5 95.8333
-1 -5 95.8333
11 -5 95.8333
-3 -5 95.8333
9 -5 95.8333
3 -5 95.8333
15 -7 95.8333
15 -1 93.75
15 -13 95.8333
15 1 93.75
15 -11 95.8333
15 -5 95.8333
5 -15 95.8333
-1 -15 95.8333
11 -15 95.8333
-3 -15 95.8333
9 -15 95.8333
3 -15 95.8333
15 -15 95.8333
-5 -7 95.8333
-5 -1 91.6667
-5 -13 95.8333
-5 1 93.75
-5 -11 95.8333
-5 -5 95.8333
-5 -15 95.8333
5 3 85.4167
-1 3 68.75
11 3 85.4167
-3 3 70.8333
9 3 85.4167
3 3 85.4167
15 3 85.4167
-5 3 70.8333
7 -7 95.8333
7 -1 93.75
7 -13 95.8333
7 1 93.75
7 -11 95.8333
7 -5 95.8333
7 -15 95.8333
7 3 85.4167
5 -9 95.8333
-1 -9 95.8333
11 -9 95.8333
-3 -9 95.8333
9 -9 95.8333
3 -9 95.8333
15 -9 95.8333
-5 -9 95.8333
7 -9 95.8333
1 -7 95.8333
1 -1 93.75
1 -13 95.8333
1 1 93.75
1 -11 95.8333
1 -5 95.8333
1 -15 95.8333
1 3 85.4167
1 -9 95.8333
5 -3 93.75
-1 -3 91.6667
11 -3 93.75
-3 -3 95.8333
9 -3 93.75
3 -3 93.75
15 -3 93.75
-5 -3 95.8333
7 -3 93.75
1 -3 93.75
13 -7 95.8333
13 -1 93.75
13 -13 95.8333
13 1 93.75
13 -11 95.8333
13 -5 95.8333
13 -15 95.8333
13 3 85.4167
13 -9 95.8333
13 -3 93.75
