5 -7 81.25
-1 -7 56.25
5 -1 83.3333
-1 -1 81.25
11 -7 79.1667
11 -1 81.25
5 -13 56.25
-1 -13 56.25
11 -13 81.25
-3 -7 56.25
-3 -1 81.25
-3 -13 56.25
5 1 81.25
-1 1 79.1667
11 1 81.25
-3 1 79.1667
9 -7 81.25
9 -1 81.25
9 -13 75.0
9 1 81.25
5 -11 56.25
-1 -11 56.25
11 -11 83.3333
-3 -11 56.25
9 -11 81.25
3 -7 75.0
3 -1 81.25
3 -13 56.25
3 1 83.3333
3 -11 56.25
5 -5 83.3333
-1 -5 64.5833
11 -5 75.0
-3 -5 64.5833
9 -5 79.1667
3 -5 81.25
15 -7 75.0
15 -1 81.25
15 -13 81.25
15 1 81.25
15 -11 79.1667
15 -5 75.0
5 -15 56.25
-1 -15 56.25
11 -15 75.0
-3 -15 56.25
9 -15 56.25
3 -15 56.25
15 -15 83.3333
-5 -7 56.25
-5 -1 81.25
-5 -13 56.25
-5 1 79.1667
-5 -11 56.25
-5 -5 64.5833
-5 -15 56.25
5 3 77.0833
-1 3 85.4167
11 3 77.0833
-3 3 83.3333
9 3 77.0833
3 3 77.0833
15 3 77.0833
-5 3 83.3333
7 -7 83.3333
7 -1 81.25
7 -13 56.25
7 1 81.25
7 -11 75.0
7 -5 81.25
7 -15 56.25
7 3 77.0833
5 -9 75.0
-1 -9 56.25
11 -9 81.25
-3 -9 56.25
9 -9 83.3333
3 -9 56.25
15 -9 79.1667
-5 -9 56.25
7 -9 81.25
1 -7 56.25
1 -1 81.25
1 -13 56.25
1 1 79.1667
1 -11 56.25
1 -5 75.0
1 -15 56.25
1 3 81.25
1 -9 56.25
5 -3 83.3333
-1 -3 75.0
11 -3 81.25
-3 -3 75.0
9 -3 81.25
3 -3 83.3333
15 -3 81.25
-5 -3 75.0
7 -3 81.25
1 -3 81.25
13 -7 79.1667
13 -1 81.25
13 -13 83.3333
13 1 81.25
13 -11 81.25
13 -5 75.0
13 -15 81.25
13 3 77.0833
13 -9 79.1667
13 -3 81.25
