5 -7 65.0
-1 -7 55.0
5 -1 70.0
-1 -1 68.3333
11 -7 70.0
11 -1 65.0
5 -13 55.0
-1 -13 55.0
11 -13 65.0
-3 -7 55.0
-3 -1 68.3333
-3 -13 55.0
5 1 70.0
-1 1 71.6667
11 1 68.3333
-3 1 68.3333
9 -7 73.3333
9 -1 68.3333
9 -13 60.0
9 1 68.3333
5 -11 55.0
-1 -11 55.0
11 -11 73.3333
-3 -11 55.0
9 -11 65.0
3 -7 60.0
3 -1 75.0
3 -13 55.0
3 1 68.3333
3 -11 55.0
5 -5 73.3333
-1 -5 56.6667
11 -5 70.0
-3 -5 56.6667
9 -5 68.3333
3 -5 66.6667
15 -7 65.0
15 -1 65.0
15 -13 73.3333
15 1 68.3333
15 -11 68.3333
15 -5 65.0
5 -15 55.0
-1 -15 55.0
11 -15 60.0
-3 -15 55.0
9 -15 55.0
3 -15 55.0
15 -15 73.3333
-5 -7 55.0
-5 -1 68.3333
-5 -13 55.0
-5 1 68.3333
-5 -11 55.0
-5 -5 56.6667
-5 -15 55.0
5 3 70.0
-1 3 70.0
11 3 68.3333
-3 3 70.0
9 3 66.6667
3 3 70.0
15 3 66.6667
-5 3 70.0
7 -7 73.3333
7 -1 71.6667
7 -13 55.0
7 1 68.3333
7 -11 60.0
7 -5 73.3333
7 -15 55.0
7 3 68.3333
5 -9 60.0
-1 -9 55.0
11 -9 73.3333
-3 -9 55.0
9 -9 73.3333
3 -9 55.0
15 -9 66.6667
-5 -9 55.0
7 -9 65.0
1 -7 55.0
1 -1 73.3333
1 -13 55.0
1 1 70.0
1 -11 55.0
1 -5 60.0
1 -15 55.0
1 3 71.6667
1 -9 55.0
5 -3 73.3333
-1 -3 61.6667
11 -3 70.0
-3 -3 61.6667
9 -3 71.6667
3 -3 76.6667
15 -3 70.0
-5 -3 61.6667
7 -3 70.0
1 -3 66.6667
13 -7 68.3333
13 -1 65.0
13 -13 73.3333
13 1 68.3333
13 -11 73.3333
13 -5 66.6667
13 -15 65.0
13 3 66.6667
13 -9 68.3333
13 -3 70.0
