5 -7 75.0
-1 -7 56.25
5 -1 72.9167
-1 -1 72.9167
11 -7 77.0833
11 -1 81.25
5 -13 56.25
-1 -13 56.25
11 -13 75.0
-3 -7 56.25
-3 -1 72.9167
-3 -13 56.25
5 1 83.3333
-1 1 72.9167
11 1 85.4167
-3 1 75.0
9 -7 77.0833
9 -1 81.25
9 -13 75.0
9 1 85.4167
5 -11 56.25
-1 -11 56.25
11 -11 79.1667
-3 -11 56.25
9 -11 75.0
3 -7 75.0
3 -1 75.0
3 -13 56.25
3 1 77.0833
3 -11 56.25
5 -5 77.0833
-1 -5 60.4167
11 -5 83.3333
-3 -5 60.4167
9 -5 77.0833
3 -5 77.0833
15 -7 83.3333
15 -1 81.25
15 -13 77.0833
15 1 85.4167
15 -11 81.25
15 -5 83.3333
5 -15 56.25
-1 -15 56.25
11 -15 75.0
-3 -15 56.25
9 -15 56.25
3 -15 56.25
15 -15 77.0833
-5 -7 56.25
-5 -1 72.9167
-5 -13 56.25
-5 1 75.0
-5 -11 56.25
-5 -5 60.4167
-5 -15 56.25
5 3 75.0
-1 3 72.9167
11 3 75.0
-3 3 70.8333
9 3 75.0
3 3 75.0
15 3 75.0
-5 3 70.8333
7 -7 77.0833
7 -1 81.25
7 -13 56.25
7 1 85.4167
7 -11 75.0
7 -5 79.1667
7 -15 56.25
7 3 75.0
5 -9 75.0
-1 -9 56.25
11 -9 77.0833
-3 -9 56.25
9 -9 77.0833
3 -9 56.25
15 -9 81.25
-5 -9 56.25
7 -9 75.0
1 -7 56.25
1 -1 77.0833
1 -13 56.25
1 1 75.0
1 -11 56.25
1 -5 77.0833
1 -15 56.25
1 3 68.75
1 -9 56.25
5 -3 77.0833
-1 -3 79.1667
11 -3 83.3333
-3 -3 79.1667
9 -3 83.3333
3 -3 72.9167
15 -3 83.3333
-5 -3 79.1667
7 -3 75.0
1 -3 81.25
13 -7 83.3333
13 -1 81.25
13 -13 79.1667
13 1 85.4167
13 -11 77.0833
13 -5 83.3333
13 -15 75.0
13 3 75.0
13 -9 81.25
13 -3 83.3333
