5 -7 76.6667
-1 -7 63.3333
5 -1 86.6667
-1 -1 81.6667
11 -7 86.6667
11 -1 86.6667
5 -13 63.3333
-1 -13 63.3333
11 -13 78.3333
-3 -7 63.3333
-3 -1 81.6667
-3 -13 63.3333
5 1 86.6667
-1 1 80.0
11 1 86.6667
-3 1 80.0
9 -7 90.0
9 -1 86.6667
9 -13 78.3333
9 1 86.6667
5 -11 63.3333
-1 -11 63.3333
11 -11 80.0
-3 -11 63.3333
9 -11 78.3333
3 -7 78.3333
3 -1 88.3333
3 -13 63.3333
3 1 85.0
3 -11 63.3333
5 -5 85.0
-1 -5 75.0
11 -5 88.3333
-3 -5 75.0
9 -5 88.3333
3 -5 83.3333
15 -7 88.3333
15 -1 86.6667
15 -13 90.0
15 1 88.3333
15 -11 88.3333
15 -5 88.3333
5 -15 63.3333
-1 -15 63.3333
11 -15 78.3333
-3 -15 63.3333
9 -15 63.3333
3 -15 63.3333
15 -15 80.0
-5 -7 63.3333
-5 -1 81.6667
-5 -13 63.3333
-5 1 80.0
-5 -11 63.3333
-5 -5 75.0
-5 -15 63.3333
5 3 86.6667
-1 3 75.0
11 3 86.6667
-3 3 71.6667
9 3 86.6667
3 3 86.6667
15 3 86.6667
-5 3 71.6667
7 -7 85.0
7 -1 86.6667
7 -13 63.3333
7 1 86.6667
7 -11 78.3333
7 -5 88.3333
7 -15 63.3333
7 3 86.6667
5 -9 78.3333
-1 -9 63.3333
11 -9 90.0
-3 -9 63.3333
9 -9 85.0
3 -9 63.3333
15 -9 86.6667
-5 -9 63.3333
7 -9 78.3333
1 -7 63.3333
1 -1 83.3333
1 -13 63.3333
1 1 85.0
1 -11 63.3333
1 -5 78.3333
1 -15 63.3333
1 3 86.6667
1 -9 63.3333
5 -3 86.6667
-1 -3 78.3333
11 -3 86.6667
-3 -3 78.3333
9 -3 86.6667
3 -3 83.3333
15 -3 86.6667
-5 -3 78.3333
7 -3 86.6667
1 -3 81.6667
13 -7 88.3333
13 -1 86.6667
13 -13 80.0
13 1 88.3333
13 -11 90.0
13 -5 88.3333
13 -15 78.3333
13 3 86.6667
13 -9 86.6667
13 -3 86.6667
