5 -7 97.4359
-1 -7 69.2308
5 -1 97.4359
-1 -1 97.4359
11 -7 94.8718
11 -1 97.4359
5 -13 69.2308
-1 -13 38.4615
11 -13 97.4359
-3 -7 38.4615
-3 -1 56.4103
-3 -13 38.4615
5 1 82.0513
-1 1 56.4103
11 1 82.0513
-3 1 38.4615
9 -7 94.8718
9 -1 97.4359
9 -13 100.0
9 1 82.0513
5 -11 100.0
-1 -11 38.4615
11 -11 94.8718
-3 -11 38.4615
9 -11 97.4359
3 -7 100.0
3 -1 97.4359
3 -13 38.4615
3 1 79.4872
3 -11 69.2308
5 -5 97.4359
-1 -5 100.0
11 -5 97.4359
-3 -5 69.2308
9 -5 97.4359
3 -5 97.4359
15 -7 94.8718
15 -1 97.4359
15 -13 94.8718
15 1 79.4872
15 -11 94.8718
15 -5 97.4359
5 -15 38.4615
-1 -15 38.4615
11 -15 100.0
-3 -15 38.4615
9 -15 100.0
3 -15 38.4615
15 -15 94.8718
-5 -7 38.4615
-5 -1 38.4615
-5 -13 38.4615
-5 1 38.4615
-5 -11 38.4615
-5 -5 38.4615
-5 -15 38.4615
5 3 38.4615
-1 3 38.4615
11 3 38.4615
-3 3 38.4615
9 3 38.4615
3 3 38.4615
15 3 38.4615
-5 3 38.4615
7 -7 94.8718
7 -1 97.4359
7 -13 100.0
7 1 79.4872
7 -11 100.0
7 -5 97.4359
7 -15 69.2308
7 3 38.4615
5 -9 100.0
-1 -9 38.4615
11 -9 94.8718
-3 -9 38.4615
9 -9 94.8718
3 -9 100.0
15 -9 94.8718
-5 -9 38.4615
7 -9 97.4359
1 -7 100.0
1 -1 97.4359
1 -13 38.4615
1 1 82.0513
1 -11 38.4615
1 -5 100.0
1 -15 38.4615
1 3 38.4615
1 -9 69.2308
5 -3 97.4359
-1 -3 100.0
11 -3 97.4359
-3 -3 84.6154
9 -3 97.4359
3 -3 97.4359
15 -3 97.4359
-5 -3 38.4615
7 -3 97.4359
1 -3 97.4359
13 -7 94.8718
13 -1 97.4359
13 -13 94.8718
13 1 79.4872
13 -11 94.8718
13 -5 97.4359
13 -15 97.4359
13 3 38.4615
13 -9 94.8718
13 -3 97.4359
