5 -7 42.1053
-1 -7 57.8947
5 -1 57.8947
-1 -1 57.8947
11 -7 36.8421
11 -1 57.8947
5 -13 57.8947
-1 -13 57.8947
11 -13 47.3684
-3 -7 57.8947
-3 -1 57.8947
-3 -13 57.8947
5 1 52.6316
-1 1 57.8947
11 1 52.6316
-3 1 57.8947
9 -7 36.8421
9 -1 57.8947
9 -13 47.3684
9 1 57.8947
5 -11 57.8947
-1 -11 57.8947
11 -11 47.3684
-3 -11 57.8947
9 -11 47.3684
3 -7 47.3684
3 -1 57.8947
3 -13 57.8947
3 1 57.8947
3 -11 57.8947
5 -5 42.1053
-1 -5 57.8947
11 -5 42.1053
-3 -5 57.8947
9 -5 42.1053
3 -5 31.5789
15 -7 36.8421
15 -1 57.8947
15 -13 47.3684
15 1 57.8947
15 -11 47.3684
15 -5 42.1053
5 -15 57.8947
-1 -15 57.8947
11 -15 47.3684
-3 -15 57.8947
9 -15 57.8947
3 -15 57.8947
15 -15 47.3684
-5 -7 57.8947
-5 -1 57.8947
-5 -13 57.8947
-5 1 57.8947
-5 -11 57.8947
-5 -5 57.8947
-5 -15 57.8947
5 3 57.8947
-1 3 57.8947
11 3 57.8947
-3 3 57.8947
9 3 57.8947
3 3 57.8947
15 3 57.8947
-5 3 57.8947
7 -7 36.8421
7 -1 57.8947
7 -13 57.8947
7 1 57.8947
7 -11 47.3684
7 -5 42.1053
7 -15 57.8947
7 3 57.8947
5 -9 47.3684
-1 -9 57.8947
11 -9 42.1053
-3 -9 57.8947
9 -9 42.1053
3 -9 57.8947
15 -9 42.1053
-5 -9 57.8947
7 -9 47.3684
1 -7 57.8947
1 -1 57.8947
1 -13 57.8947
1 1 57.8947
1 -11 57.8947
1 -5 57.8947
1 -15 57.8947
1 3 57.8947
1 -9 57.8947
5 -3 26.3158
-1 -3 57.8947
11 -3 26.3158
-3 -3 57.8947
9 -3 26.3158
3 -3 26.3158
15 -3 26.3158
-5 -3 57.8947
7 -3 26.3158
1 -3 31.5789
13 -7 36.8421
13 -1 57.8947
13 -13 47.3684
13 1 52.6316
13 -11 47.3684
13 -5 42.1053
13 -15 47.3684
13 3 57.8947
13 -9 42.1053
13 -3 26.3158
