5 -7 77.0833
-1 -7 62.5
5 -1 93.75
-1 -1 85.4167
11 -7 93.75
11 -1 93.75
5 -13 58.3333
-1 -13 58.3333
11 -13 77.0833
-3 -7 62.5
-3 -1 85.4167
-3 -13 58.3333
5 1 93.75
-1 1 91.6667
11 1 93.75
-3 1 87.5
9 -7 93.75
9 -1 93.75
9 -13 77.0833
9 1 93.75
5 -11 77.0833
-1 -11 58.3333
11 -11 91.6667
-3 -11 58.3333
9 -11 77.0833
3 -7 77.0833
3 -1 93.75
3 -13 58.3333
3 1 93.75
3 -11 58.3333
5 -5 91.6667
-1 -5 77.0833
11 -5 91.6667
-3 -5 77.0833
9 -5 93.75
3 -5 79.1667
15 -7 91.6667
15 -1 93.75
15 -13 93.75
15 1 93.75
15 -11 93.75
15 -5 91.6667
5 -15 58.3333
-1 -15 58.3333
11 -15 77.0833
-3 -15 58.3333
9 -15 77.0833
3 -15 58.3333
15 -15 91.6667
-5 -7 62.5
-5 -1 85.4167
-5 -13 58.3333
-5 1 87.5
-5 -11 58.3333
-5 -5 77.0833
-5 -15 58.3333
5 3 87.5
-1 3 85.4167
11 3 87.5
-3 3 83.3333
9 3 87.5
3 3 87.5
15 3 87.5
-5 3 83.3333
7 -7 91.6667
7 -1 93.75
7 -13 77.0833
7 1 93.75
7 -11 77.0833
7 -5 93.75
7 -15 58.3333
7 3 87.5
5 -9 77.0833
-1 -9 60.4167
11 -9 93.75
-3 -9 60.4167
9 -9 91.6667
3 -9 77.0833
15 -9 91.6667
-5 -9 60.4167
7 -9 77.0833
1 -7 77.0833
1 -1 91.6667
1 -13 58.3333
1 1 91.6667
1 -11 58.3333
1 -5 77.0833
1 -15 58.3333
1 3 87.5
1 -9 60.4167
5 -3 93.75
-1 -3 77.0833
11 -3 93.75
-3 -3 77.0833
9 -3 93.75
3 -3 93.75
15 -3 93.75
-5 -3 77.0833
7 -3 93.75
1 -3 79.1667
13 -7 91.6667
13 -1 93.75
13 -13 91.6667
13 1 93.75
13 -11 93.75
13 -5 91.6667
13 -15 77.0833
13 3 87.5
13 -9 93.75
13 -3 93.75
